2020-06-12 15:42:59 Error: [MissingViewException] View file "Books/index.ctp" is missing.
Exception Attributes: array (
  'file' => 'Books/index.ctp',
)
Request URL: /cake/books/index
Stack Trace:
#0 /opt/lampp/htdocs/cake/lib/Cake/View/View.php(470): View->_getViewFileName('Books/index')
#1 /opt/lampp/htdocs/cake/lib/Cake/Controller/Controller.php(968): View->render(NULL, NULL)
#2 /opt/lampp/htdocs/cake/lib/Cake/Routing/Dispatcher.php(200): Controller->render()
#3 /opt/lampp/htdocs/cake/lib/Cake/Routing/Dispatcher.php(167): Dispatcher->_invoke(Object(BooksController), Object(CakeRequest))
#4 /opt/lampp/htdocs/cake/app/webroot/index.php(117): Dispatcher->dispatch(Object(CakeRequest), Object(CakeResponse))
#5 {main}
2020-06-12 18:37:01 Error: [MissingViewException] View file "Books/index.ctp" is missing.
Exception Attributes: array (
  'file' => 'Books/index.ctp',
)
Request URL: /cake/books/index
Stack Trace:
#0 /opt/lampp/htdocs/cake/lib/Cake/View/View.php(470): View->_getViewFileName('Books/index')
#1 /opt/lampp/htdocs/cake/lib/Cake/Controller/Controller.php(968): View->render(NULL, NULL)
#2 /opt/lampp/htdocs/cake/lib/Cake/Routing/Dispatcher.php(200): Controller->render()
#3 /opt/lampp/htdocs/cake/lib/Cake/Routing/Dispatcher.php(167): Dispatcher->_invoke(Object(BooksController), Object(CakeRequest))
#4 /opt/lampp/htdocs/cake/app/webroot/index.php(117): Dispatcher->dispatch(Object(CakeRequest), Object(CakeResponse))
#5 {main}
2020-06-12 18:37:14 Error: [MissingViewException] View file "Books/index.ctp" is missing.
Exception Attributes: array (
  'file' => 'Books/index.ctp',
)
Request URL: /cake/books/index
Stack Trace:
#0 /opt/lampp/htdocs/cake/lib/Cake/View/View.php(470): View->_getViewFileName('Books/index')
#1 /opt/lampp/htdocs/cake/lib/Cake/Controller/Controller.php(968): View->render(NULL, NULL)
#2 /opt/lampp/htdocs/cake/lib/Cake/Routing/Dispatcher.php(200): Controller->render()
#3 /opt/lampp/htdocs/cake/lib/Cake/Routing/Dispatcher.php(167): Dispatcher->_invoke(Object(BooksController), Object(CakeRequest))
#4 /opt/lampp/htdocs/cake/app/webroot/index.php(117): Dispatcher->dispatch(Object(CakeRequest), Object(CakeResponse))
#5 {main}
2020-06-12 18:38:05 Error: [MissingViewException] View file "Books/index.ctp" is missing.
Exception Attributes: array (
  'file' => 'Books/index.ctp',
)
Request URL: /cake/books/
Stack Trace:
#0 /opt/lampp/htdocs/cake/lib/Cake/View/View.php(470): View->_getViewFileName('Books/index')
#1 /opt/lampp/htdocs/cake/lib/Cake/Controller/Controller.php(968): View->render(NULL, NULL)
#2 /opt/lampp/htdocs/cake/lib/Cake/Routing/Dispatcher.php(200): Controller->render()
#3 /opt/lampp/htdocs/cake/lib/Cake/Routing/Dispatcher.php(167): Dispatcher->_invoke(Object(BooksController), Object(CakeRequest))
#4 /opt/lampp/htdocs/cake/app/webroot/index.php(117): Dispatcher->dispatch(Object(CakeRequest), Object(CakeResponse))
#5 {main}
2020-06-12 18:50:50 Error: [MissingActionException] Action BooksController::edit() could not be found.
Exception Attributes: array (
  'controller' => 'BooksController',
  'action' => 'edit',
)
Request URL: /cake/books/edit/1
Stack Trace:
#0 /opt/lampp/htdocs/cake/lib/Cake/Routing/Dispatcher.php(193): Controller->invokeAction(Object(CakeRequest))
#1 /opt/lampp/htdocs/cake/lib/Cake/Routing/Dispatcher.php(167): Dispatcher->_invoke(Object(BooksController), Object(CakeRequest))
#2 /opt/lampp/htdocs/cake/app/webroot/index.php(117): Dispatcher->dispatch(Object(CakeRequest), Object(CakeResponse))
#3 {main}
2020-06-12 20:48:31 Error: [MissingViewException] View file "Users/index.ctp" is missing.
Exception Attributes: array (
  'file' => 'Users/index.ctp',
)
Request URL: /cake/users
Stack Trace:
#0 /opt/lampp/htdocs/cake/lib/Cake/View/View.php(470): View->_getViewFileName('Users/index')
#1 /opt/lampp/htdocs/cake/lib/Cake/Controller/Controller.php(968): View->render(NULL, NULL)
#2 /opt/lampp/htdocs/cake/lib/Cake/Routing/Dispatcher.php(200): Controller->render()
#3 /opt/lampp/htdocs/cake/lib/Cake/Routing/Dispatcher.php(167): Dispatcher->_invoke(Object(UsersController), Object(CakeRequest))
#4 /opt/lampp/htdocs/cake/app/webroot/index.php(117): Dispatcher->dispatch(Object(CakeRequest), Object(CakeResponse))
#5 {main}
2020-06-12 21:09:21 Error: [MissingControllerException] Controller class Grou[sController could not be found.
Exception Attributes: array (
  'class' => 'Grou[sController',
  'plugin' => NULL,
)
Request URL: /cake/grou[s
Stack Trace:
#0 /opt/lampp/htdocs/cake/app/webroot/index.php(117): Dispatcher->dispatch(Object(CakeRequest), Object(CakeResponse))
#1 {main}
